# Logfile created on Wed Oct 14 07:45:32 +0000 2009

Processing ResumeController#index (for 127.0.0.4 at 2009-10-14 07:45:32) [GET]
Rendering template within layouts/simplicity
Rendering resume/index_nl
Completed in 23ms (View: 21, DB: 0) | 200 OK [http://simplic.it/resume]


Processing AnalyseController#index (for 127.0.0.4 at 2009-10-14 07:45:36) [GET]
Rendering template within layouts/simplicity
Rendering analyse/index_nl
Completed in 4ms (View: 2, DB: 0) | 200 OK [http://simplic.it/analyse]


Processing AnalyseController#index (for 127.0.0.4 at 2009-10-14 07:48:06) [GET]
Rendering template within layouts/simplicity
Rendering analyse/index_nl
Completed in 102ms (View: 93, DB: 0) | 200 OK [http://simplic.it/analyse]


Processing ResumeController#index (for 127.0.0.4 at 2009-10-14 07:49:40) [GET]
Rendering template within layouts/simplicity
Rendering resume/index_nl
Completed in 1ms (View: 1, DB: 0) | 200 OK [http://simplic.it/resume]


Processing ResumeController#index (for 127.0.0.4 at 2009-10-14 07:49:41) [GET]
Rendering template within layouts/simplicity
Rendering resume/index_nl
Completed in 2ms (View: 1, DB: 0) | 200 OK [http://simplic.it/resume]
