# Logfile created on Mon Apr 20 12:53:51 +0000 2009 by /
D, [2009-04-20T12:53:51.568877 #6707] DEBUG -- : Mon, 20 Apr 2009 12:53:51 GMT: TRACING ON
Mon, 20 Apr 2009 12:54:05 GMT: FILES OPEN BEFORE REQUEST /design
--- 
/www/simplic.it/simplicity_dev/log/development.log: 1
log/mongrel_debug/objects.log: 2
log/mongrel_debug/rails.log: 1
log/mongrel_debug/files.log: 1
log/mongrel_debug/threads.log: 1
log/mongrel_debug/access.log: 1

Mon, 20 Apr 2009 12:54:08 GMT: FILES OPEN BEFORE REQUEST /design
--- 
/www/simplic.it/simplicity_dev/log/development.log: 1
log/mongrel_debug/objects.log: 2
log/mongrel_debug/rails.log: 1
log/mongrel_debug/files.log: 1
log/mongrel_debug/threads.log: 1
log/mongrel_debug/access.log: 1

Mon, 20 Apr 2009 12:54:11 GMT: FILES OPEN BEFORE REQUEST /javascripts/prototype.js
--- 
/www/simplic.it/simplicity_dev/log/development.log: 1
log/mongrel_debug/objects.log: 2
log/mongrel_debug/rails.log: 1
log/mongrel_debug/files.log: 1
log/mongrel_debug/threads.log: 1
log/mongrel_debug/access.log: 1

Mon, 20 Apr 2009 12:54:12 GMT: FILES OPEN BEFORE REQUEST /javascripts/effects.js
--- 
/www/simplic.it/simplicity_dev/log/development.log: 1
log/mongrel_debug/objects.log: 2
log/mongrel_debug/rails.log: 1
log/mongrel_debug/files.log: 1
log/mongrel_debug/threads.log: 1
log/mongrel_debug/access.log: 1

Mon, 20 Apr 2009 12:54:15 GMT: FILES OPEN BEFORE REQUEST /javascripts/dragdrop.js
--- 
/www/simplic.it/simplicity_dev/log/development.log: 1
log/mongrel_debug/objects.log: 2
log/mongrel_debug/rails.log: 1
log/mongrel_debug/files.log: 1
log/mongrel_debug/threads.log: 1
log/mongrel_debug/access.log: 1

Mon, 20 Apr 2009 12:54:17 GMT: FILES OPEN BEFORE REQUEST /javascripts/controls.js
--- 
/www/simplic.it/simplicity_dev/log/development.log: 1
log/mongrel_debug/objects.log: 2
log/mongrel_debug/rails.log: 1
log/mongrel_debug/files.log: 1
log/mongrel_debug/threads.log: 1
log/mongrel_debug/access.log: 1

Mon, 20 Apr 2009 12:54:21 GMT: FILES OPEN BEFORE REQUEST /javascripts/application.js
--- 
/www/simplic.it/simplicity_dev/log/development.log: 1
log/mongrel_debug/objects.log: 2
log/mongrel_debug/rails.log: 1
log/mongrel_debug/files.log: 1
log/mongrel_debug/threads.log: 1
log/mongrel_debug/access.log: 1

Mon, 20 Apr 2009 12:56:30 GMT: FILES OPEN AT EXIT
--- 
/www/simplic.it/simplicity_dev/log/development.log: 1
log/mongrel_debug/objects.log: 2
log/mongrel_debug/rails.log: 1
log/mongrel_debug/files.log: 1
log/mongrel_debug/threads.log: 1
log/mongrel_debug/access.log: 1

