# Logfile created on Mon Apr 20 12:53:51 +0000 2009 by /
D, [2009-04-20T12:53:51.569905 #6707] DEBUG -- : Mon, 20 Apr 2009 12:53:51 GMT: TRACING ON
Mon, 20 Apr 2009 12:54:08 GMT: REQUEST /design
--- !map:Mongrel::HttpParams 
SERVER_NAME: 127.0.0.2
HTTP_X_MOMAC_FORCE_AUTH_MODE_PROD: sso
HTTP_ACCEPT: text/html,application/xhtml+xml,application/xml;q=0.9,*/*;q=0.8
HTTP_HOST: 127.0.0.2:3001
HTTP_X_FORWARDED_HOST: dev.simplic.it
HTTP_X_XID: "31652777778"
HTTP_USER_AGENT: Mozilla/5.0 (X11; U; Linux i686; nl; rv:1.9.0.8) Gecko/2009032711 Ubuntu/8.10 (intrepid) Firefox/3.0.8
REQUEST_PATH: /design
SERVER_PROTOCOL: HTTP/1.1
HTTP_IF_NONE_MATCH: "\"231062a819d03dff320d05e0275081ad\"-gzip"
HTTP_ACCEPT_LANGUAGE: nl,en-us;q=0.7,en;q=0.3
REMOTE_ADDR: 127.0.0.2
PATH_INFO: /design
SERVER_SOFTWARE: Mongrel 1.2
SCRIPT_NAME: /
HTTP_REFERER: http://dev.simplic.it/analyse
HTTP_COOKIE: _simplicity_dev_session=BAh7CDoPc2Vzc2lvbl9pZCIlNTU5MDYwZjRkY2M4NmM4OTAzYTVlNmI3Zjk5MmEzZDAiDWxhbmd1YWdlIgdOTCIQYm91bmNlX2JhY2siDGFuYWx5c2U%3D--83b7f9d175f6a45f2039d60206795502491b7435
HTTP_VERSION: HTTP/1.1
HTTP_X_FORWARDED_SERVER: dev.simplic.it
HTTP_X_MSISDN: "31652777778"
REQUEST_URI: /design
SERVER_PORT: "3001"
HTTP_X_FORWARDED_FOR: 80.95.167.66
HTTP_ACCEPT_CHARSET: ISO-8859-1,utf-8;q=0.7,*;q=0.7
REQUEST_METHOD: GET
HTTP_X_MOMAC_FORCE_AUTH_MODE_STAGING: sso
GATEWAY_INTERFACE: CGI/1.2
HTTP_CONNECTION: Keep-Alive
HTTP_ACCEPT_ENCODING: gzip,deflate

Mon, 20 Apr 2009 12:54:10 GMT: REQUEST /design
--- !map:Mongrel::HttpParams 
SERVER_NAME: 127.0.0.2
HTTP_X_MOMAC_FORCE_AUTH_MODE_PROD: sso
HTTP_ACCEPT: text/html,application/xhtml+xml,application/xml;q=0.9,*/*;q=0.8
HTTP_HOST: 127.0.0.2:3001
HTTP_X_FORWARDED_HOST: dev.simplic.it
HTTP_X_XID: "31652777778"
HTTP_USER_AGENT: Mozilla/5.0 (X11; U; Linux i686; nl; rv:1.9.0.8) Gecko/2009032711 Ubuntu/8.10 (intrepid) Firefox/3.0.8
REQUEST_PATH: /design
SERVER_PROTOCOL: HTTP/1.1
HTTP_ACCEPT_LANGUAGE: nl,en-us;q=0.7,en;q=0.3
REMOTE_ADDR: 127.0.0.2
PATH_INFO: /design
SERVER_SOFTWARE: Mongrel 1.2
SCRIPT_NAME: /
HTTP_COOKIE: _simplicity_dev_session=BAh7CCINbGFuZ3VhZ2UiB05MOg9zZXNzaW9uX2lkIiU1NTkwNjBmNGRjYzg2Yzg5MDNhNWU2YjdmOTkyYTNkMCIQYm91bmNlX2JhY2siC2Rlc2lnbg%3D%3D--3e6eee5d84b5648c3003b14eb7175a775b9f4657
HTTP_VERSION: HTTP/1.1
HTTP_X_FORWARDED_SERVER: dev.simplic.it
HTTP_X_MSISDN: "31652777778"
REQUEST_URI: /design
SERVER_PORT: "3001"
HTTP_X_FORWARDED_FOR: 80.95.167.66
HTTP_ACCEPT_CHARSET: ISO-8859-1,utf-8;q=0.7,*;q=0.7
HTTP_IF_MODIFIED_SINCE: Fri, 01 Jan 1971 00:00:00 GMT
REQUEST_METHOD: GET
HTTP_X_MOMAC_FORCE_AUTH_MODE_STAGING: sso
GATEWAY_INTERFACE: CGI/1.2
HTTP_CONNECTION: Keep-Alive
HTTP_ACCEPT_ENCODING: gzip,deflate

Mon, 20 Apr 2009 12:54:12 GMT: REQUEST /javascripts/prototype.js
--- !map:Mongrel::HttpParams 
SERVER_NAME: 127.0.0.2
HTTP_X_MOMAC_FORCE_AUTH_MODE_PROD: sso
HTTP_ACCEPT: text/html,application/xhtml+xml,application/xml;q=0.9,*/*;q=0.8
HTTP_HOST: 127.0.0.2:3001
HTTP_X_FORWARDED_HOST: dev.simplic.it
HTTP_X_XID: "31652777778"
HTTP_USER_AGENT: Mozilla/5.0 (X11; U; Linux i686; nl; rv:1.9.0.8) Gecko/2009032711 Ubuntu/8.10 (intrepid) Firefox/3.0.8
REQUEST_PATH: /javascripts/prototype.js
SERVER_PROTOCOL: HTTP/1.1
HTTP_ACCEPT_LANGUAGE: nl,en-us;q=0.7,en;q=0.3
REMOTE_ADDR: 127.0.0.2
PATH_INFO: /javascripts/prototype.js
SERVER_SOFTWARE: Mongrel 1.2
SCRIPT_NAME: /
HTTP_COOKIE: _simplicity_dev_session=BAh7CDoPc2Vzc2lvbl9pZCIlNTU5MDYwZjRkY2M4NmM4OTAzYTVlNmI3Zjk5MmEzZDAiDWxhbmd1YWdlIgdOTCIQYm91bmNlX2JhY2siC2Rlc2lnbg%3D%3D--268afc8534210684eb5c89fa8a52232d959e6759
HTTP_VERSION: HTTP/1.1
HTTP_X_FORWARDED_SERVER: dev.simplic.it
HTTP_X_MSISDN: "31652777778"
REQUEST_URI: /javascripts/prototype.js?1240229796
SERVER_PORT: "3001"
HTTP_X_FORWARDED_FOR: 80.95.167.66
HTTP_ACCEPT_CHARSET: ISO-8859-1,utf-8;q=0.7,*;q=0.7
HTTP_IF_MODIFIED_SINCE: Fri, 01 Jan 1971 00:00:00 GMT
REQUEST_METHOD: GET
HTTP_X_MOMAC_FORCE_AUTH_MODE_STAGING: sso
GATEWAY_INTERFACE: CGI/1.2
HTTP_CONNECTION: Keep-Alive
HTTP_ACCEPT_ENCODING: gzip,deflate
QUERY_STRING: "1240229796"

Mon, 20 Apr 2009 12:54:15 GMT: REQUEST /javascripts/effects.js
--- !map:Mongrel::HttpParams 
SERVER_NAME: 127.0.0.2
HTTP_X_MOMAC_FORCE_AUTH_MODE_PROD: sso
HTTP_ACCEPT: text/html,application/xhtml+xml,application/xml;q=0.9,*/*;q=0.8
HTTP_HOST: 127.0.0.2:3001
HTTP_X_FORWARDED_HOST: dev.simplic.it
HTTP_X_XID: "31652777778"
HTTP_USER_AGENT: Mozilla/5.0 (X11; U; Linux i686; nl; rv:1.9.0.8) Gecko/2009032711 Ubuntu/8.10 (intrepid) Firefox/3.0.8
REQUEST_PATH: /javascripts/effects.js
SERVER_PROTOCOL: HTTP/1.1
HTTP_ACCEPT_LANGUAGE: nl,en-us;q=0.7,en;q=0.3
REMOTE_ADDR: 127.0.0.2
PATH_INFO: /javascripts/effects.js
SERVER_SOFTWARE: Mongrel 1.2
SCRIPT_NAME: /
HTTP_COOKIE: _simplicity_dev_session=BAh7CDoPc2Vzc2lvbl9pZCIlNTU5MDYwZjRkY2M4NmM4OTAzYTVlNmI3Zjk5MmEzZDAiDWxhbmd1YWdlIgdOTCIQYm91bmNlX2JhY2siC2Rlc2lnbg%3D%3D--268afc8534210684eb5c89fa8a52232d959e6759
HTTP_VERSION: HTTP/1.1
HTTP_X_FORWARDED_SERVER: dev.simplic.it
HTTP_X_MSISDN: "31652777778"
REQUEST_URI: /javascripts/effects.js?1240229794
SERVER_PORT: "3001"
HTTP_X_FORWARDED_FOR: 80.95.167.66
HTTP_ACCEPT_CHARSET: ISO-8859-1,utf-8;q=0.7,*;q=0.7
HTTP_IF_MODIFIED_SINCE: Fri, 01 Jan 1971 00:00:00 GMT
REQUEST_METHOD: GET
HTTP_X_MOMAC_FORCE_AUTH_MODE_STAGING: sso
GATEWAY_INTERFACE: CGI/1.2
HTTP_CONNECTION: Keep-Alive
HTTP_ACCEPT_ENCODING: gzip,deflate
QUERY_STRING: "1240229794"

Mon, 20 Apr 2009 12:54:17 GMT: REQUEST /javascripts/dragdrop.js
--- !map:Mongrel::HttpParams 
SERVER_NAME: 127.0.0.2
HTTP_X_MOMAC_FORCE_AUTH_MODE_PROD: sso
HTTP_ACCEPT: text/html,application/xhtml+xml,application/xml;q=0.9,*/*;q=0.8
HTTP_HOST: 127.0.0.2:3001
HTTP_X_FORWARDED_HOST: dev.simplic.it
HTTP_X_XID: "31652777778"
HTTP_USER_AGENT: Mozilla/5.0 (X11; U; Linux i686; nl; rv:1.9.0.8) Gecko/2009032711 Ubuntu/8.10 (intrepid) Firefox/3.0.8
REQUEST_PATH: /javascripts/dragdrop.js
SERVER_PROTOCOL: HTTP/1.1
HTTP_ACCEPT_LANGUAGE: nl,en-us;q=0.7,en;q=0.3
REMOTE_ADDR: 127.0.0.2
PATH_INFO: /javascripts/dragdrop.js
SERVER_SOFTWARE: Mongrel 1.2
SCRIPT_NAME: /
HTTP_COOKIE: _simplicity_dev_session=BAh7CDoPc2Vzc2lvbl9pZCIlNTU5MDYwZjRkY2M4NmM4OTAzYTVlNmI3Zjk5MmEzZDAiDWxhbmd1YWdlIgdOTCIQYm91bmNlX2JhY2siC2Rlc2lnbg%3D%3D--268afc8534210684eb5c89fa8a52232d959e6759
HTTP_VERSION: HTTP/1.1
HTTP_X_FORWARDED_SERVER: dev.simplic.it
HTTP_X_MSISDN: "31652777778"
REQUEST_URI: /javascripts/dragdrop.js?1240229793
SERVER_PORT: "3001"
HTTP_X_FORWARDED_FOR: 80.95.167.66
HTTP_ACCEPT_CHARSET: ISO-8859-1,utf-8;q=0.7,*;q=0.7
HTTP_IF_MODIFIED_SINCE: Fri, 01 Jan 1971 00:00:00 GMT
REQUEST_METHOD: GET
HTTP_X_MOMAC_FORCE_AUTH_MODE_STAGING: sso
GATEWAY_INTERFACE: CGI/1.2
HTTP_CONNECTION: Keep-Alive
HTTP_ACCEPT_ENCODING: gzip,deflate
QUERY_STRING: "1240229793"

Mon, 20 Apr 2009 12:54:21 GMT: REQUEST /javascripts/controls.js
--- !map:Mongrel::HttpParams 
SERVER_NAME: 127.0.0.2
HTTP_X_MOMAC_FORCE_AUTH_MODE_PROD: sso
HTTP_ACCEPT: text/html,application/xhtml+xml,application/xml;q=0.9,*/*;q=0.8
HTTP_HOST: 127.0.0.2:3001
HTTP_X_FORWARDED_HOST: dev.simplic.it
HTTP_X_XID: "31652777778"
HTTP_USER_AGENT: Mozilla/5.0 (X11; U; Linux i686; nl; rv:1.9.0.8) Gecko/2009032711 Ubuntu/8.10 (intrepid) Firefox/3.0.8
REQUEST_PATH: /javascripts/controls.js
SERVER_PROTOCOL: HTTP/1.1
HTTP_ACCEPT_LANGUAGE: nl,en-us;q=0.7,en;q=0.3
REMOTE_ADDR: 127.0.0.2
PATH_INFO: /javascripts/controls.js
SERVER_SOFTWARE: Mongrel 1.2
SCRIPT_NAME: /
HTTP_COOKIE: _simplicity_dev_session=BAh7CDoPc2Vzc2lvbl9pZCIlNTU5MDYwZjRkY2M4NmM4OTAzYTVlNmI3Zjk5MmEzZDAiDWxhbmd1YWdlIgdOTCIQYm91bmNlX2JhY2siC2Rlc2lnbg%3D%3D--268afc8534210684eb5c89fa8a52232d959e6759
HTTP_VERSION: HTTP/1.1
HTTP_X_FORWARDED_SERVER: dev.simplic.it
HTTP_X_MSISDN: "31652777778"
REQUEST_URI: /javascripts/controls.js?1240229793
SERVER_PORT: "3001"
HTTP_X_FORWARDED_FOR: 80.95.167.66
HTTP_ACCEPT_CHARSET: ISO-8859-1,utf-8;q=0.7,*;q=0.7
HTTP_IF_MODIFIED_SINCE: Fri, 01 Jan 1971 00:00:00 GMT
REQUEST_METHOD: GET
HTTP_X_MOMAC_FORCE_AUTH_MODE_STAGING: sso
GATEWAY_INTERFACE: CGI/1.2
HTTP_CONNECTION: Keep-Alive
HTTP_ACCEPT_ENCODING: gzip,deflate
QUERY_STRING: "1240229793"

Mon, 20 Apr 2009 12:54:24 GMT: REQUEST /javascripts/application.js
--- !map:Mongrel::HttpParams 
SERVER_NAME: 127.0.0.2
HTTP_X_MOMAC_FORCE_AUTH_MODE_PROD: sso
HTTP_ACCEPT: text/html,application/xhtml+xml,application/xml;q=0.9,*/*;q=0.8
HTTP_HOST: 127.0.0.2:3001
HTTP_X_FORWARDED_HOST: dev.simplic.it
HTTP_X_XID: "31652777778"
HTTP_USER_AGENT: Mozilla/5.0 (X11; U; Linux i686; nl; rv:1.9.0.8) Gecko/2009032711 Ubuntu/8.10 (intrepid) Firefox/3.0.8
REQUEST_PATH: /javascripts/application.js
SERVER_PROTOCOL: HTTP/1.1
HTTP_ACCEPT_LANGUAGE: nl,en-us;q=0.7,en;q=0.3
REMOTE_ADDR: 127.0.0.2
PATH_INFO: /javascripts/application.js
SERVER_SOFTWARE: Mongrel 1.2
SCRIPT_NAME: /
HTTP_COOKIE: _simplicity_dev_session=BAh7CDoPc2Vzc2lvbl9pZCIlNTU5MDYwZjRkY2M4NmM4OTAzYTVlNmI3Zjk5MmEzZDAiDWxhbmd1YWdlIgdOTCIQYm91bmNlX2JhY2siC2Rlc2lnbg%3D%3D--268afc8534210684eb5c89fa8a52232d959e6759
HTTP_VERSION: HTTP/1.1
HTTP_X_FORWARDED_SERVER: dev.simplic.it
HTTP_X_MSISDN: "31652777778"
REQUEST_URI: /javascripts/application.js?1240229792
SERVER_PORT: "3001"
HTTP_X_FORWARDED_FOR: 80.95.167.66
HTTP_ACCEPT_CHARSET: ISO-8859-1,utf-8;q=0.7,*;q=0.7
HTTP_IF_MODIFIED_SINCE: Fri, 01 Jan 1971 00:00:00 GMT
REQUEST_METHOD: GET
HTTP_X_MOMAC_FORCE_AUTH_MODE_STAGING: sso
GATEWAY_INTERFACE: CGI/1.2
HTTP_CONNECTION: Keep-Alive
HTTP_ACCEPT_ENCODING: gzip,deflate
QUERY_STRING: "1240229792"

